2015-08-19T08:24:07+08:00 [root] E:\workbench\xiaolaba\webserver\web\dalaba\server\application\controllers\user.php:28 User::login
2015-08-19T08:24:07+08:00 [root] E:\workbench\xiaolaba\webserver\web\dalaba\server\application\controllers\user.php:36 user_login_infor = {
    "VERSION":"1.0.0",
    "REQUEST_TYPE":"LOGIN",
    "SESSION_KEY":"",
    "DATA":{
        "name":"chenxiaoer",
        "password":"12345"
    }
}

2015-08-19T08:24:07+08:00 [root] E:\workbench\xiaolaba\webserver\web\dalaba\server\application\controllers\user.php:39 dump user_infor_array:array(4) {
  ["VERSION"]=>
  string(5) "1.0.0"
  ["REQUEST_TYPE"]=>
  string(5) "LOGIN"
  ["SESSION_KEY"]=>
  string(0) ""
  ["DATA"]=>
  array(2) {
    ["name"]=>
    string(10) "chenxiaoer"
    ["password"]=>
    string(5) "12345"
  }
}

2015-08-19T08:24:07+08:00 [root] E:\workbench\xiaolaba\webserver\web\dalaba\server\application\models\user_model.php:104 User_model::login
2015-08-19T08:24:07+08:00 [root] E:\workbench\xiaolaba\webserver\web\dalaba\server\application\models\user_model.php:114 sql = select * from user where name ='chenxiaoer'
2015-08-19T08:24:07+08:00 [root] E:\workbench\xiaolaba\webserver\web\dalaba\server\application\models\user_model.php:125 res = object(mysqli_result)#43 (5) {
  ["current_field"]=>
  int(0)
  ["field_count"]=>
  int(11)
  ["lengths"]=>
  NULL
  ["num_rows"]=>
  int(1)
  ["type"]=>
  int(0)
}

2015-08-19T08:24:07+08:00 [root] E:\workbench\xiaolaba\webserver\web\dalaba\server\application\models\user_model.php:129 sql = select id from user where name ='chenxiaoer' and password = '827ccb0eea8a706c4c34a16891f84e7b'
2015-08-19T08:24:07+08:00 [root] E:\workbench\xiaolaba\webserver\web\dalaba\server\application\models\user_model.php:142 set session[user_id] = 101
2015-08-19T08:24:07+08:00 [root] E:\workbench\xiaolaba\webserver\web\dalaba\server\application\models\user_model.php:150 res = object(mysqli_result)#45 (5) {
  ["current_field"]=>
  int(0)
  ["field_count"]=>
  int(1)
  ["lengths"]=>
  array(1) {
    [0]=>
    int(3)
  }
  ["num_rows"]=>
  int(1)
  ["type"]=>
  int(0)
}

2015-08-19T08:24:08+08:00 [root] E:\workbench\xiaolaba\webserver\web\dalaba\server\application\controllers\advertisement.php:16 Advertisement::create
2015-08-19T08:24:08+08:00 [root] E:\workbench\xiaolaba\webserver\web\dalaba\server\application\controllers\advertisement.php:25 adv_infor = {
    "VERSION":"1.0.0",
    "REQUEST_TYPE":"CREATE_ADVERTISEMENT",
    "SESSION_KEY":"94e9e1bd4007c83d7ab96ecb8f2b2536",
    "DATA":{
        "image":"true",
        "type":"expressage",
        "publish_position":"",
        "title" : "What a fucking day!",
        "text_content":"What a fucking day!",
        "fresh_content":""
    }
}

2015-08-19T08:24:08+08:00 [root] E:\workbench\xiaolaba\webserver\web\dalaba\server\application\controllers\advertisement.php:28 dump adv_infor_array:array(4) {
  ["VERSION"]=>
  string(5) "1.0.0"
  ["REQUEST_TYPE"]=>
  string(20) "CREATE_ADVERTISEMENT"
  ["SESSION_KEY"]=>
  string(32) "94e9e1bd4007c83d7ab96ecb8f2b2536"
  ["DATA"]=>
  array(6) {
    ["image"]=>
    string(4) "true"
    ["type"]=>
    string(10) "expressage"
    ["publish_position"]=>
    string(0) ""
    ["title"]=>
    string(19) "What a fucking day!"
    ["text_content"]=>
    string(19) "What a fucking day!"
    ["fresh_content"]=>
    string(0) ""
  }
}

2015-08-19T08:24:08+08:00 [root] E:\workbench\xiaolaba\webserver\web\dalaba\server\application\controllers\advertisement.php:34 _FILES:array(1) {
  ["adv_img1"]=>
  array(5) {
    ["name"]=>
    string(8) "kobe.jpg"
    ["type"]=>
    string(24) "application/octet-stream"
    ["tmp_name"]=>
    string(36) "D:\programming\XAMMP\tmp\phpB51E.tmp"
    ["error"]=>
    int(0)
    ["size"]=>
    int(13064)
  }
}

2015-08-19T08:24:08+08:00 [root] E:\workbench\xiaolaba\webserver\web\dalaba\server\application\controllers\advertisement.php:114 adv_infor_array[DATA][image]:array(1) {
  ["adv_img1"]=>
  array(5) {
    ["name"]=>
    string(8) "kobe.jpg"
    ["type"]=>
    string(24) "application/octet-stream"
    ["tmp_name"]=>
    string(36) "D:\programming\XAMMP\tmp\phpB51E.tmp"
    ["error"]=>
    int(0)
    ["size"]=>
    int(13064)
  }
}

2015-08-19T08:24:08+08:00 [root] E:\workbench\xiaolaba\webserver\web\dalaba\server\application\controllers\advertisement.php:135 dump file_path:array(4) {
  ["dirname"]=>
  string(1) "."
  ["basename"]=>
  string(8) "kobe.jpg"
  ["extension"]=>
  string(3) "jpg"
  ["filename"]=>
  string(4) "kobe"
}

2015-08-19T08:24:08+08:00 [root] E:\workbench\xiaolaba\webserver\web\dalaba\server\application\controllers\advertisement.php:137 dump file_path2:array(4) {
  ["dirname"]=>
  string(58) "E:\workbench\xiaolaba\webserver\web\dalaba\server\data\img"
  ["basename"]=>
  string(11) "advB57C.tmp"
  ["extension"]=>
  string(3) "tmp"
  ["filename"]=>
  string(7) "advB57C"
}

2015-08-19T08:24:08+08:00 [root] E:\workbench\xiaolaba\webserver\web\dalaba\server\application\controllers\advertisement.php:145 dump new_name:E:/workbench/xiaolaba/webserver/web/dalaba/server/data/img/advB57C.jpg
2015-08-19T08:24:08+08:00 [root] E:\workbench\xiaolaba\webserver\web\dalaba\server\application\controllers\advertisement.php:49 adv_infor_array[DATA][image]:string(20) "data/img/advB57C.jpg"

2015-08-19T08:24:08+08:00 [root] E:\workbench\xiaolaba\webserver\web\dalaba\server\application\models\advertisement_model.php:14 Advertisement_model::create
2015-08-19T08:24:08+08:00 [root] E:\workbench\xiaolaba\webserver\web\dalaba\server\application\models\advertisement_model.php:37 sql = insert into advertisement(uid, type,publish_position, publish_time,title,text_content,image, fresh_content) values(101, 'expressage', '','2015-08-19 08:24:08','What a fucking day!','What a fucking day!','data/img/advB57C.jpg','')
2015-08-19T08:37:21+08:00 [root] E:\workbench\xiaolaba\webserver\web\dalaba\server\application\controllers\user.php:28 User::login
2015-08-19T08:37:21+08:00 [root] E:\workbench\xiaolaba\webserver\web\dalaba\server\application\controllers\user.php:36 user_login_infor = {
    "VERSION":"1.0.0",
    "REQUEST_TYPE":"LOGIN",
    "SESSION_KEY":"",
    "DATA":{
        "name":"chenxiaoer",
        "password":"12345"
    }
}

2015-08-19T08:37:21+08:00 [root] E:\workbench\xiaolaba\webserver\web\dalaba\server\application\controllers\user.php:39 dump user_infor_array:array(4) {
  ["VERSION"]=>
  string(5) "1.0.0"
  ["REQUEST_TYPE"]=>
  string(5) "LOGIN"
  ["SESSION_KEY"]=>
  string(0) ""
  ["DATA"]=>
  array(2) {
    ["name"]=>
    string(10) "chenxiaoer"
    ["password"]=>
    string(5) "12345"
  }
}

2015-08-19T08:37:21+08:00 [root] E:\workbench\xiaolaba\webserver\web\dalaba\server\application\models\user_model.php:104 User_model::login
2015-08-19T08:37:21+08:00 [root] E:\workbench\xiaolaba\webserver\web\dalaba\server\application\models\user_model.php:114 sql = select * from user where name ='chenxiaoer'
2015-08-19T08:37:21+08:00 [root] E:\workbench\xiaolaba\webserver\web\dalaba\server\application\models\user_model.php:125 res = object(mysqli_result)#43 (5) {
  ["current_field"]=>
  int(0)
  ["field_count"]=>
  int(11)
  ["lengths"]=>
  NULL
  ["num_rows"]=>
  int(1)
  ["type"]=>
  int(0)
}

2015-08-19T08:37:21+08:00 [root] E:\workbench\xiaolaba\webserver\web\dalaba\server\application\models\user_model.php:129 sql = select id from user where name ='chenxiaoer' and password = '827ccb0eea8a706c4c34a16891f84e7b'
2015-08-19T08:37:21+08:00 [root] E:\workbench\xiaolaba\webserver\web\dalaba\server\application\models\user_model.php:142 set session[user_id] = 101
2015-08-19T08:37:21+08:00 [root] E:\workbench\xiaolaba\webserver\web\dalaba\server\application\models\user_model.php:150 res = object(mysqli_result)#45 (5) {
  ["current_field"]=>
  int(0)
  ["field_count"]=>
  int(1)
  ["lengths"]=>
  array(1) {
    [0]=>
    int(3)
  }
  ["num_rows"]=>
  int(1)
  ["type"]=>
  int(0)
}

2015-08-19T08:37:21+08:00 [root] E:\workbench\xiaolaba\webserver\web\dalaba\server\application\controllers\advertisement.php:16 Advertisement::create
2015-08-19T08:37:21+08:00 [root] E:\workbench\xiaolaba\webserver\web\dalaba\server\application\controllers\advertisement.php:25 adv_infor = {
    "VERSION":"1.0.0",
    "REQUEST_TYPE":"CREATE_ADVERTISEMENT",
    "SESSION_KEY":"94e9e1bd4007c83d7ab96ecb8f2b2536",
    "DATA":{
        "image":"true",
        "type":"expressage",
        "publish_position":"",
        "title" : "What a fucking day!",
        "text_content":"What a fucking day!",
        "fresh_content":""
    }
}

2015-08-19T08:37:21+08:00 [root] E:\workbench\xiaolaba\webserver\web\dalaba\server\application\controllers\advertisement.php:28 dump adv_infor_array:array(4) {
  ["VERSION"]=>
  string(5) "1.0.0"
  ["REQUEST_TYPE"]=>
  string(20) "CREATE_ADVERTISEMENT"
  ["SESSION_KEY"]=>
  string(32) "94e9e1bd4007c83d7ab96ecb8f2b2536"
  ["DATA"]=>
  array(6) {
    ["image"]=>
    string(4) "true"
    ["type"]=>
    string(10) "expressage"
    ["publish_position"]=>
    string(0) ""
    ["title"]=>
    string(19) "What a fucking day!"
    ["text_content"]=>
    string(19) "What a fucking day!"
    ["fresh_content"]=>
    string(0) ""
  }
}

2015-08-19T08:37:21+08:00 [root] E:\workbench\xiaolaba\webserver\web\dalaba\server\application\controllers\advertisement.php:34 _FILES:array(1) {
  ["adv_12313img1"]=>
  array(5) {
    ["name"]=>
    string(8) "kobe.jpg"
    ["type"]=>
    string(24) "application/octet-stream"
    ["tmp_name"]=>
    string(36) "D:\programming\XAMMP\tmp\phpD0DA.tmp"
    ["error"]=>
    int(0)
    ["size"]=>
    int(13064)
  }
}

2015-08-19T08:37:21+08:00 [root] E:\workbench\xiaolaba\webserver\web\dalaba\server\application\controllers\advertisement.php:114 adv_infor_array[DATA][image]:array(1) {
  ["adv_12313img1"]=>
  array(5) {
    ["name"]=>
    string(8) "kobe.jpg"
    ["type"]=>
    string(24) "application/octet-stream"
    ["tmp_name"]=>
    string(36) "D:\programming\XAMMP\tmp\phpD0DA.tmp"
    ["error"]=>
    int(0)
    ["size"]=>
    int(13064)
  }
}

2015-08-19T08:37:21+08:00 [root] E:\workbench\xiaolaba\webserver\web\dalaba\server\application\controllers\advertisement.php:115 count() = 1
2015-08-19T08:37:21+08:00 [root] E:\workbench\xiaolaba\webserver\web\dalaba\server\application\controllers\advertisement.php:142 dump file_path:array(4) {
  ["dirname"]=>
  string(1) "."
  ["basename"]=>
  string(8) "kobe.jpg"
  ["extension"]=>
  string(3) "jpg"
  ["filename"]=>
  string(4) "kobe"
}

2015-08-19T08:37:21+08:00 [root] E:\workbench\xiaolaba\webserver\web\dalaba\server\application\controllers\advertisement.php:144 dump file_path2:array(4) {
  ["dirname"]=>
  string(58) "E:\workbench\xiaolaba\webserver\web\dalaba\server\data\img"
  ["basename"]=>
  string(11) "advD177.tmp"
  ["extension"]=>
  string(3) "tmp"
  ["filename"]=>
  string(7) "advD177"
}

2015-08-19T08:37:21+08:00 [root] E:\workbench\xiaolaba\webserver\web\dalaba\server\application\controllers\advertisement.php:152 dump new_name:E:/workbench/xiaolaba/webserver/web/dalaba/server/data/img/advD177.jpg
2015-08-19T08:37:21+08:00 [root] E:\workbench\xiaolaba\webserver\web\dalaba\server\application\controllers\advertisement.php:49 adv_infor_array[DATA][image]:string(20) "data/img/advD177.jpg"

2015-08-19T08:37:21+08:00 [root] E:\workbench\xiaolaba\webserver\web\dalaba\server\application\models\advertisement_model.php:14 Advertisement_model::create
2015-08-19T08:37:21+08:00 [root] E:\workbench\xiaolaba\webserver\web\dalaba\server\application\models\advertisement_model.php:37 sql = insert into advertisement(uid, type,publish_position, publish_time,title,text_content,image, fresh_content) values(101, 'expressage', '','2015-08-19 08:37:21','What a fucking day!','What a fucking day!','data/img/advD177.jpg','')
2015-08-19T08:37:45+08:00 [root] E:\workbench\xiaolaba\webserver\web\dalaba\server\application\controllers\user.php:28 User::login
2015-08-19T08:37:45+08:00 [root] E:\workbench\xiaolaba\webserver\web\dalaba\server\application\controllers\user.php:36 user_login_infor = {
    "VERSION":"1.0.0",
    "REQUEST_TYPE":"LOGIN",
    "SESSION_KEY":"",
    "DATA":{
        "name":"chenxiaoer",
        "password":"12345"
    }
}

2015-08-19T08:37:45+08:00 [root] E:\workbench\xiaolaba\webserver\web\dalaba\server\application\controllers\user.php:39 dump user_infor_array:array(4) {
  ["VERSION"]=>
  string(5) "1.0.0"
  ["REQUEST_TYPE"]=>
  string(5) "LOGIN"
  ["SESSION_KEY"]=>
  string(0) ""
  ["DATA"]=>
  array(2) {
    ["name"]=>
    string(10) "chenxiaoer"
    ["password"]=>
    string(5) "12345"
  }
}

2015-08-19T08:37:45+08:00 [root] E:\workbench\xiaolaba\webserver\web\dalaba\server\application\models\user_model.php:104 User_model::login
2015-08-19T08:37:45+08:00 [root] E:\workbench\xiaolaba\webserver\web\dalaba\server\application\models\user_model.php:114 sql = select * from user where name ='chenxiaoer'
2015-08-19T08:37:45+08:00 [root] E:\workbench\xiaolaba\webserver\web\dalaba\server\application\models\user_model.php:125 res = object(mysqli_result)#43 (5) {
  ["current_field"]=>
  int(0)
  ["field_count"]=>
  int(11)
  ["lengths"]=>
  NULL
  ["num_rows"]=>
  int(1)
  ["type"]=>
  int(0)
}

2015-08-19T08:37:45+08:00 [root] E:\workbench\xiaolaba\webserver\web\dalaba\server\application\models\user_model.php:129 sql = select id from user where name ='chenxiaoer' and password = '827ccb0eea8a706c4c34a16891f84e7b'
2015-08-19T08:37:45+08:00 [root] E:\workbench\xiaolaba\webserver\web\dalaba\server\application\models\user_model.php:142 set session[user_id] = 101
2015-08-19T08:37:45+08:00 [root] E:\workbench\xiaolaba\webserver\web\dalaba\server\application\models\user_model.php:150 res = object(mysqli_result)#45 (5) {
  ["current_field"]=>
  int(0)
  ["field_count"]=>
  int(1)
  ["lengths"]=>
  array(1) {
    [0]=>
    int(3)
  }
  ["num_rows"]=>
  int(1)
  ["type"]=>
  int(0)
}

2015-08-19T08:37:45+08:00 [root] E:\workbench\xiaolaba\webserver\web\dalaba\server\application\controllers\advertisement.php:16 Advertisement::create
2015-08-19T08:37:45+08:00 [root] E:\workbench\xiaolaba\webserver\web\dalaba\server\application\controllers\advertisement.php:25 adv_infor = {
    "VERSION":"1.0.0",
    "REQUEST_TYPE":"CREATE_ADVERTISEMENT",
    "SESSION_KEY":"94e9e1bd4007c83d7ab96ecb8f2b2536",
    "DATA":{
        "image":"true",
        "type":"expressage",
        "publish_position":"",
        "title" : "What a fucking day!",
        "text_content":"What a fucking day!",
        "fresh_content":""
    }
}

2015-08-19T08:37:45+08:00 [root] E:\workbench\xiaolaba\webserver\web\dalaba\server\application\controllers\advertisement.php:28 dump adv_infor_array:array(4) {
  ["VERSION"]=>
  string(5) "1.0.0"
  ["REQUEST_TYPE"]=>
  string(20) "CREATE_ADVERTISEMENT"
  ["SESSION_KEY"]=>
  string(32) "94e9e1bd4007c83d7ab96ecb8f2b2536"
  ["DATA"]=>
  array(6) {
    ["image"]=>
    string(4) "true"
    ["type"]=>
    string(10) "expressage"
    ["publish_position"]=>
    string(0) ""
    ["title"]=>
    string(19) "What a fucking day!"
    ["text_content"]=>
    string(19) "What a fucking day!"
    ["fresh_content"]=>
    string(0) ""
  }
}

2015-08-19T08:37:45+08:00 [root] E:\workbench\xiaolaba\webserver\web\dalaba\server\application\controllers\advertisement.php:34 _FILES:array(1) {
  ["adv_12313img1"]=>
  array(5) {
    ["name"]=>
    string(8) "kobe.jpg"
    ["type"]=>
    string(24) "application/octet-stream"
    ["tmp_name"]=>
    string(36) "D:\programming\XAMMP\tmp\php300B.tmp"
    ["error"]=>
    int(0)
    ["size"]=>
    int(13064)
  }
}

2015-08-19T08:37:45+08:00 [root] E:\workbench\xiaolaba\webserver\web\dalaba\server\application\controllers\advertisement.php:114 adv_infor_array[DATA][image]:array(1) {
  ["adv_12313img1"]=>
  array(5) {
    ["name"]=>
    string(8) "kobe.jpg"
    ["type"]=>
    string(24) "application/octet-stream"
    ["tmp_name"]=>
    string(36) "D:\programming\XAMMP\tmp\php300B.tmp"
    ["error"]=>
    int(0)
    ["size"]=>
    int(13064)
  }
}

2015-08-19T08:37:45+08:00 [root] E:\workbench\xiaolaba\webserver\web\dalaba\server\application\controllers\advertisement.php:115 count(FILES) = 1
2015-08-19T08:37:45+08:00 [root] E:\workbench\xiaolaba\webserver\web\dalaba\server\application\controllers\advertisement.php:142 dump file_path:array(4) {
  ["dirname"]=>
  string(1) "."
  ["basename"]=>
  string(8) "kobe.jpg"
  ["extension"]=>
  string(3) "jpg"
  ["filename"]=>
  string(4) "kobe"
}

2015-08-19T08:37:45+08:00 [root] E:\workbench\xiaolaba\webserver\web\dalaba\server\application\controllers\advertisement.php:144 dump file_path2:array(4) {
  ["dirname"]=>
  string(58) "E:\workbench\xiaolaba\webserver\web\dalaba\server\data\img"
  ["basename"]=>
  string(11) "adv306A.tmp"
  ["extension"]=>
  string(3) "tmp"
  ["filename"]=>
  string(7) "adv306A"
}

2015-08-19T08:37:45+08:00 [root] E:\workbench\xiaolaba\webserver\web\dalaba\server\application\controllers\advertisement.php:152 dump new_name:E:/workbench/xiaolaba/webserver/web/dalaba/server/data/img/adv306A.jpg
2015-08-19T08:37:45+08:00 [root] E:\workbench\xiaolaba\webserver\web\dalaba\server\application\controllers\advertisement.php:49 adv_infor_array[DATA][image]:string(20) "data/img/adv306A.jpg"

2015-08-19T08:37:45+08:00 [root] E:\workbench\xiaolaba\webserver\web\dalaba\server\application\models\advertisement_model.php:14 Advertisement_model::create
2015-08-19T08:37:45+08:00 [root] E:\workbench\xiaolaba\webserver\web\dalaba\server\application\models\advertisement_model.php:37 sql = insert into advertisement(uid, type,publish_position, publish_time,title,text_content,image, fresh_content) values(101, 'expressage', '','2015-08-19 08:37:45','What a fucking day!','What a fucking day!','data/img/adv306A.jpg','')
2015-08-19T08:38:14+08:00 [root] E:\workbench\xiaolaba\webserver\web\dalaba\server\application\controllers\user.php:28 User::login
2015-08-19T08:38:14+08:00 [root] E:\workbench\xiaolaba\webserver\web\dalaba\server\application\controllers\user.php:36 user_login_infor = {
    "VERSION":"1.0.0",
    "REQUEST_TYPE":"LOGIN",
    "SESSION_KEY":"",
    "DATA":{
        "name":"chenxiaoer",
        "password":"12345"
    }
}

2015-08-19T08:38:14+08:00 [root] E:\workbench\xiaolaba\webserver\web\dalaba\server\application\controllers\user.php:39 dump user_infor_array:array(4) {
  ["VERSION"]=>
  string(5) "1.0.0"
  ["REQUEST_TYPE"]=>
  string(5) "LOGIN"
  ["SESSION_KEY"]=>
  string(0) ""
  ["DATA"]=>
  array(2) {
    ["name"]=>
    string(10) "chenxiaoer"
    ["password"]=>
    string(5) "12345"
  }
}

2015-08-19T08:38:14+08:00 [root] E:\workbench\xiaolaba\webserver\web\dalaba\server\application\models\user_model.php:104 User_model::login
2015-08-19T08:38:14+08:00 [root] E:\workbench\xiaolaba\webserver\web\dalaba\server\application\models\user_model.php:114 sql = select * from user where name ='chenxiaoer'
2015-08-19T08:38:14+08:00 [root] E:\workbench\xiaolaba\webserver\web\dalaba\server\application\models\user_model.php:125 res = object(mysqli_result)#43 (5) {
  ["current_field"]=>
  int(0)
  ["field_count"]=>
  int(11)
  ["lengths"]=>
  NULL
  ["num_rows"]=>
  int(1)
  ["type"]=>
  int(0)
}

2015-08-19T08:38:14+08:00 [root] E:\workbench\xiaolaba\webserver\web\dalaba\server\application\models\user_model.php:129 sql = select id from user where name ='chenxiaoer' and password = '827ccb0eea8a706c4c34a16891f84e7b'
2015-08-19T08:38:14+08:00 [root] E:\workbench\xiaolaba\webserver\web\dalaba\server\application\models\user_model.php:142 set session[user_id] = 101
2015-08-19T08:38:14+08:00 [root] E:\workbench\xiaolaba\webserver\web\dalaba\server\application\models\user_model.php:150 res = object(mysqli_result)#45 (5) {
  ["current_field"]=>
  int(0)
  ["field_count"]=>
  int(1)
  ["lengths"]=>
  array(1) {
    [0]=>
    int(3)
  }
  ["num_rows"]=>
  int(1)
  ["type"]=>
  int(0)
}

2015-08-19T08:38:14+08:00 [root] E:\workbench\xiaolaba\webserver\web\dalaba\server\application\controllers\advertisement.php:16 Advertisement::create
2015-08-19T08:38:14+08:00 [root] E:\workbench\xiaolaba\webserver\web\dalaba\server\application\controllers\advertisement.php:25 adv_infor = {
    "VERSION":"1.0.0",
    "REQUEST_TYPE":"CREATE_ADVERTISEMENT",
    "SESSION_KEY":"94e9e1bd4007c83d7ab96ecb8f2b2536",
    "DATA":{
        "image":"true",
        "type":"expressage",
        "publish_position":"",
        "title" : "What a fucking day!",
        "text_content":"What a fucking day!",
        "fresh_content":""
    }
}

2015-08-19T08:38:14+08:00 [root] E:\workbench\xiaolaba\webserver\web\dalaba\server\application\controllers\advertisement.php:28 dump adv_infor_array:array(4) {
  ["VERSION"]=>
  string(5) "1.0.0"
  ["REQUEST_TYPE"]=>
  string(20) "CREATE_ADVERTISEMENT"
  ["SESSION_KEY"]=>
  string(32) "94e9e1bd4007c83d7ab96ecb8f2b2536"
  ["DATA"]=>
  array(6) {
    ["image"]=>
    string(4) "true"
    ["type"]=>
    string(10) "expressage"
    ["publish_position"]=>
    string(0) ""
    ["title"]=>
    string(19) "What a fucking day!"
    ["text_content"]=>
    string(19) "What a fucking day!"
    ["fresh_content"]=>
    string(0) ""
  }
}

2015-08-19T08:38:14+08:00 [root] E:\workbench\xiaolaba\webserver\web\dalaba\server\application\controllers\advertisement.php:34 _FILES:array(1) {
  ["adv_12313img1"]=>
  array(5) {
    ["name"]=>
    string(8) "kobe.jpg"
    ["type"]=>
    string(24) "application/octet-stream"
    ["tmp_name"]=>
    string(36) "D:\programming\XAMMP\tmp\php9F43.tmp"
    ["error"]=>
    int(0)
    ["size"]=>
    int(13064)
  }
}

2015-08-19T08:38:14+08:00 [root] E:\workbench\xiaolaba\webserver\web\dalaba\server\application\controllers\advertisement.php:114 adv_infor_array[DATA][image]:array(1) {
  ["adv_12313img1"]=>
  array(5) {
    ["name"]=>
    string(8) "kobe.jpg"
    ["type"]=>
    string(24) "application/octet-stream"
    ["tmp_name"]=>
    string(36) "D:\programming\XAMMP\tmp\php9F43.tmp"
    ["error"]=>
    int(0)
    ["size"]=>
    int(13064)
  }
}

2015-08-19T08:38:14+08:00 [root] E:\workbench\xiaolaba\webserver\web\dalaba\server\application\controllers\advertisement.php:115 count(FILES) = 1
2015-08-19T08:38:14+08:00 [root] E:\workbench\xiaolaba\webserver\web\dalaba\server\application\controllers\advertisement.php:142 dump file_path:array(4) {
  ["dirname"]=>
  string(1) "."
  ["basename"]=>
  string(8) "kobe.jpg"
  ["extension"]=>
  string(3) "jpg"
  ["filename"]=>
  string(4) "kobe"
}

2015-08-19T08:38:14+08:00 [root] E:\workbench\xiaolaba\webserver\web\dalaba\server\application\controllers\advertisement.php:144 dump file_path2:array(4) {
  ["dirname"]=>
  string(58) "E:\workbench\xiaolaba\webserver\web\dalaba\server\data\img"
  ["basename"]=>
  string(11) "adv9FA2.tmp"
  ["extension"]=>
  string(3) "tmp"
  ["filename"]=>
  string(7) "adv9FA2"
}

2015-08-19T08:38:14+08:00 [root] E:\workbench\xiaolaba\webserver\web\dalaba\server\application\controllers\advertisement.php:152 dump new_name:E:/workbench/xiaolaba/webserver/web/dalaba/server/data/img/adv9FA2.jpg
2015-08-19T08:38:14+08:00 [root] E:\workbench\xiaolaba\webserver\web\dalaba\server\application\controllers\advertisement.php:49 adv_infor_array[DATA][image]:string(20) "data/img/adv9FA2.jpg"

2015-08-19T08:38:14+08:00 [root] E:\workbench\xiaolaba\webserver\web\dalaba\server\application\models\advertisement_model.php:14 Advertisement_model::create
2015-08-19T08:38:14+08:00 [root] E:\workbench\xiaolaba\webserver\web\dalaba\server\application\models\advertisement_model.php:37 sql = insert into advertisement(uid, type,publish_position, publish_time,title,text_content,image, fresh_content) values(101, 'expressage', '','2015-08-19 08:38:14','What a fucking day!','What a fucking day!','data/img/adv9FA2.jpg','')
2015-08-19T08:42:00+08:00 [root] E:\workbench\xiaolaba\webserver\web\dalaba\server\application\controllers\user.php:28 User::login
2015-08-19T08:42:00+08:00 [root] E:\workbench\xiaolaba\webserver\web\dalaba\server\application\controllers\user.php:36 user_login_infor = {
    "VERSION":"1.0.0",
    "REQUEST_TYPE":"LOGIN",
    "SESSION_KEY":"",
    "DATA":{
        "name":"chenxiaoer",
        "password":"12345"
    }
}

2015-08-19T08:42:00+08:00 [root] E:\workbench\xiaolaba\webserver\web\dalaba\server\application\controllers\user.php:39 dump user_infor_array:array(4) {
  ["VERSION"]=>
  string(5) "1.0.0"
  ["REQUEST_TYPE"]=>
  string(5) "LOGIN"
  ["SESSION_KEY"]=>
  string(0) ""
  ["DATA"]=>
  array(2) {
    ["name"]=>
    string(10) "chenxiaoer"
    ["password"]=>
    string(5) "12345"
  }
}

2015-08-19T08:42:00+08:00 [root] E:\workbench\xiaolaba\webserver\web\dalaba\server\application\models\user_model.php:104 User_model::login
2015-08-19T08:42:00+08:00 [root] E:\workbench\xiaolaba\webserver\web\dalaba\server\application\models\user_model.php:114 sql = select * from user where name ='chenxiaoer'
2015-08-19T08:42:00+08:00 [root] E:\workbench\xiaolaba\webserver\web\dalaba\server\application\models\user_model.php:125 res = object(mysqli_result)#43 (5) {
  ["current_field"]=>
  int(0)
  ["field_count"]=>
  int(11)
  ["lengths"]=>
  NULL
  ["num_rows"]=>
  int(1)
  ["type"]=>
  int(0)
}

2015-08-19T08:42:00+08:00 [root] E:\workbench\xiaolaba\webserver\web\dalaba\server\application\models\user_model.php:129 sql = select id from user where name ='chenxiaoer' and password = '827ccb0eea8a706c4c34a16891f84e7b'
2015-08-19T08:42:00+08:00 [root] E:\workbench\xiaolaba\webserver\web\dalaba\server\application\models\user_model.php:142 set session[user_id] = 101
2015-08-19T08:42:00+08:00 [root] E:\workbench\xiaolaba\webserver\web\dalaba\server\application\models\user_model.php:150 res = object(mysqli_result)#45 (5) {
  ["current_field"]=>
  int(0)
  ["field_count"]=>
  int(1)
  ["lengths"]=>
  array(1) {
    [0]=>
    int(3)
  }
  ["num_rows"]=>
  int(1)
  ["type"]=>
  int(0)
}

2015-08-19T08:42:00+08:00 [root] E:\workbench\xiaolaba\webserver\web\dalaba\server\application\controllers\advertisement.php:16 Advertisement::create
2015-08-19T08:42:00+08:00 [root] E:\workbench\xiaolaba\webserver\web\dalaba\server\application\controllers\advertisement.php:25 adv_infor = {
    "VERSION":"1.0.0",
    "REQUEST_TYPE":"CREATE_ADVERTISEMENT",
    "SESSION_KEY":"94e9e1bd4007c83d7ab96ecb8f2b2536",
    "DATA":{
        "image":"true",
        "type":"expressage",
        "publish_position":"",
        "title" : "What a fucking day!",
        "text_content":"What a fucking day!",
        "fresh_content":""
    }
}

2015-08-19T08:42:00+08:00 [root] E:\workbench\xiaolaba\webserver\web\dalaba\server\application\controllers\advertisement.php:28 dump adv_infor_array:array(4) {
  ["VERSION"]=>
  string(5) "1.0.0"
  ["REQUEST_TYPE"]=>
  string(20) "CREATE_ADVERTISEMENT"
  ["SESSION_KEY"]=>
  string(32) "94e9e1bd4007c83d7ab96ecb8f2b2536"
  ["DATA"]=>
  array(6) {
    ["image"]=>
    string(4) "true"
    ["type"]=>
    string(10) "expressage"
    ["publish_position"]=>
    string(0) ""
    ["title"]=>
    string(19) "What a fucking day!"
    ["text_content"]=>
    string(19) "What a fucking day!"
    ["fresh_content"]=>
    string(0) ""
  }
}

2015-08-19T08:42:00+08:00 [root] E:\workbench\xiaolaba\webserver\web\dalaba\server\application\controllers\advertisement.php:34 _FILES:array(1) {
  ["adv_12313img1"]=>
  array(5) {
    ["name"]=>
    string(8) "kobe.jpg"
    ["type"]=>
    string(24) "application/octet-stream"
    ["tmp_name"]=>
    string(36) "D:\programming\XAMMP\tmp\php1446.tmp"
    ["error"]=>
    int(0)
    ["size"]=>
    int(13064)
  }
}

2015-08-19T08:42:00+08:00 [root] E:\workbench\xiaolaba\webserver\web\dalaba\server\application\controllers\advertisement.php:114 adv_infor_array[DATA][image]:array(1) {
  ["adv_12313img1"]=>
  array(5) {
    ["name"]=>
    string(8) "kobe.jpg"
    ["type"]=>
    string(24) "application/octet-stream"
    ["tmp_name"]=>
    string(36) "D:\programming\XAMMP\tmp\php1446.tmp"
    ["error"]=>
    int(0)
    ["size"]=>
    int(13064)
  }
}

2015-08-19T08:42:00+08:00 [root] E:\workbench\xiaolaba\webserver\web\dalaba\server\application\controllers\advertisement.php:115 count(FILES) = 1
2015-08-19T08:42:00+08:00 [root] E:\workbench\xiaolaba\webserver\web\dalaba\server\application\controllers\advertisement.php:123 adv_infor_array[DATA][image]:array(2) {
  ["adv_12313img1"]=>
  array(5) {
    ["name"]=>
    string(8) "kobe.jpg"
    ["type"]=>
    string(24) "application/octet-stream"
    ["tmp_name"]=>
    string(36) "D:\programming\XAMMP\tmp\php1446.tmp"
    ["error"]=>
    int(0)
    ["size"]=>
    int(13064)
  }
  ["adv_img1"]=>
  array(5) {
    ["name"]=>
    string(8) "kobe.jpg"
    ["type"]=>
    string(24) "application/octet-stream"
    ["tmp_name"]=>
    string(36) "D:\programming\XAMMP\tmp\php1446.tmp"
    ["error"]=>
    int(0)
    ["size"]=>
    int(13064)
  }
}

2015-08-19T08:42:00+08:00 [root] E:\workbench\xiaolaba\webserver\web\dalaba\server\application\controllers\advertisement.php:145 dump file_path:array(4) {
  ["dirname"]=>
  string(1) "."
  ["basename"]=>
  string(8) "kobe.jpg"
  ["extension"]=>
  string(3) "jpg"
  ["filename"]=>
  string(4) "kobe"
}

2015-08-19T08:42:00+08:00 [root] E:\workbench\xiaolaba\webserver\web\dalaba\server\application\controllers\advertisement.php:147 dump file_path2:array(4) {
  ["dirname"]=>
  string(58) "E:\workbench\xiaolaba\webserver\web\dalaba\server\data\img"
  ["basename"]=>
  string(11) "adv14B4.tmp"
  ["extension"]=>
  string(3) "tmp"
  ["filename"]=>
  string(7) "adv14B4"
}

2015-08-19T08:42:00+08:00 [root] E:\workbench\xiaolaba\webserver\web\dalaba\server\application\controllers\advertisement.php:155 dump new_name:E:/workbench/xiaolaba/webserver/web/dalaba/server/data/img/adv14B4.jpg
2015-08-19T08:42:01+08:00 [root] E:\workbench\xiaolaba\webserver\web\dalaba\server\application\controllers\advertisement.php:49 adv_infor_array[DATA][image]:string(20) "data/img/adv14B4.jpg"

2015-08-19T08:42:01+08:00 [root] E:\workbench\xiaolaba\webserver\web\dalaba\server\application\models\advertisement_model.php:14 Advertisement_model::create
2015-08-19T08:42:01+08:00 [root] E:\workbench\xiaolaba\webserver\web\dalaba\server\application\models\advertisement_model.php:37 sql = insert into advertisement(uid, type,publish_position, publish_time,title,text_content,image, fresh_content) values(101, 'expressage', '','2015-08-19 08:42:01','What a fucking day!','What a fucking day!','data/img/adv14B4.jpg','')
